<?xml version="1.0" encoding="UTF-8"?>
<!-- Generated by org.testng.reporters.JUnitXMLReporter -->
<testsuite ignored="0" hostname="DESKTOP-GG0R0VR" failures="0" tests="3" name="Default test" time="23.302" errors="0" timestamp="2025-05-08T06:06:56 EEST">
  <testcase classname="tests.FawryPaymentTests" name="continueBTNIsVisible" time="10.639"/>
  <testcase classname="tests.FawryPaymentTests" name="proceedBTNIsVisible" time="0.547"/>
  <testcase classname="tests.FawryPaymentTests" name="FawryCodeIsSent" time="2.802"/>
</testsuite> <!-- Default test -->
